,AABW 30S 3750m,NADW 30S 1050m,NADW 30N 1050m,BSF Drake Passage,BSF Weddell Gyre
75,-11.303104,13.268063,24.627844,118.314744,85.732616
76,-13.093746,13.752691,23.796846,117.075088,87.688328
77,-12.921534,13.50904,23.389394,117.39724,69.932968
78,-10.311301,13.63128,23.69587,116.474632,83.624656
79,-13.281242,12.489249,22.521618,114.334272,88.554296
80,-14.105537,12.22913,23.852852,115.104976,88.82124
81,-11.823004,14.2475,23.206012,116.208512,85.729512
82,-12.920039,12.949181,22.754248,116.069096,86.43356
83,-13.396315,13.587286,22.904366,114.61684,93.222368
84,-11.68211,13.527502,25.19419,114.981624,76.741528
85,-11.424296,14.725744,25.34888,116.971848,85.248904
86,-13.262301,14.529364,22.985456,115.468288,87.241712
87,-11.657411,13.566175,26.281624,115.36936,90.382096
88,-14.006964,12.773773,25.889306,114.642824,90.596696
89,-10.026853,15.277098,27.37698,116.296992,87.041952
90,-13.163676,12.819654,26.452596,114.86484,84.258448
91,-11.509776,13.887088,24.545288,113.231432,89.210648
92,-12.971433,12.070474,25.34903,116.544248,86.405528
93,-11.469706,13.369012,25.286282,115.35628,87.100496
94,-10.591229,16.679836,25.459716,115.37312,86.90096
95,-11.981717,13.437678,25.719706,114.994944,82.81856
96,-12.129863,11.916568,23.991714,114.28448,90.30784
97,-10.821005,14.207997,22.614368,115.6246,82.020528
98,-10.629555,13.869715,25.606148,113.968608,77.717368
99,-10.794653,12.788128,24.528424,113.828672,84.02512
100,-11.226999,13.788001,24.676354,112.546152,82.13816
101,-11.318002,13.679756,25.91967,113.852512,86.861152
102,-11.011153,14.916203,27.092286,114.979784,86.310488
103,-9.835837,12.393068,26.3042,113.32164,87.673384
104,-12.165891,14.192814,26.158036,112.97696,87.939032
105,-11.296786,13.430918,26.20265,113.31832,85.246664
106,-12.206892,11.99623,26.335428,113.304824,89.253976
107,-10.697516,12.757812,27.478368,112.108288,85.807824
108,-10.492467,15.746579,26.561356,113.888816,86.15308
109,-11.517131,11.736208,27.753,112.678912,88.30808
110,-10.79375,14.110828,27.89582,114.32824,83.50036
111,-11.910442,12.964474,27.653928,113.391056,74.811336
112,-10.002896,13.021929,27.457154,113.92564,86.960408
113,-13.487976,11.440789,26.772488,111.693632,85.680392
114,-11.1116,11.836729,27.185266,111.224944,80.637992
115,-10.920935,12.475688,27.916568,113.183256,79.806568
116,-9.485197,14.317552,26.351284,112.67612,84.218656
117,-11.600144,15.184419,26.898332,111.553504,85.637272
118,-11.027154,11.464872,26.202428,110.915016,84.37908
119,-10.730636,13.070209,27.288528,111.79976,82.127872
120,-9.84686,13.792577,26.991096,112.583552,82.754848
121,-10.880455,13.198184,28.146894,109.665376,87.86508
122,-9.65204,14.131646,25.821378,111.011048,87.071152
123,-11.954096,14.210412,28.63102,110.928176,85.19192
124,-10.721516,12.385433,26.915586,110.314368,85.831472
125,-10.244547,15.01554,25.840426,109.64344,86.285128
126,-11.051416,12.739554,25.989198,109.94912,88.01176
127,-10.968293,12.822362,28.786992,111.347976,84.85176
128,-8.913129,14.749962,24.917198,108.7136,83.438448
129,-11.840888,12.945727,25.210718,110.021096,84.140576
130,-10.812793,12.050902,23.162478,107.644888,87.021104
131,-10.041843,13.746201,24.834918,109.151736,87.114896
132,-9.92395,12.657071,25.076932,109.651984,85.192008
133,-9.86386,13.30173,25.671104,108.546856,85.945624
134,-8.896168,13.097704,25.82588,110.277184,84.997432
135,-10.533487,14.178426,24.7158,109.759256,86.067864
136,-10.586811,14.528635,27.07568,110.297104,82.372936
137,-8.336826,14.771041,26.68902,109.371568,80.833208
138,-9.500216,15.076549,28.131468,111.159928,84.05696
139,-9.409026,13.626259,26.867956,111.261576,84.621088
140,-8.265581,16.93466,26.450044,111.617768,80.931896
141,-9.450925,14.616824,26.973084,110.112128,83.189728
142,-9.555032,12.798864,27.128468,111.575144,81.675936
143,-8.647351,12.422118,26.209136,107.396152,83.957328
144,-11.250134,13.774037,28.078628,110.651208,83.702624
145,-9.414349,13.271185,26.244814,112.262264,78.868928
146,-9.180637,13.112838,25.810298,111.828752,77.997688
147,-9.296041,14.077708,26.318058,113.203984,79.481344
148,-10.306324,15.630685,26.431892,112.408224,78.273992
149,-9.853091,13.31475,27.845258,112.893472,77.2876
150,-10.466315,11.830914,26.3054,109.638576,80.107032
151,-10.236707,11.525884,27.513074,112.762008,75.337048
152,-10.11881,12.039383,26.307272,111.211704,80.258936
153,-10.105122,12.126314,25.78546,109.502672,78.768576
154,-10.539621,12.394717,26.184026,111.54828,80.942232
155,-10.797895,11.206153,25.852996,111.86556,82.119464
156,-9.902051,13.751929,25.76221,111.270712,77.899784
157,-10.401898,12.039062,26.798854,109.815656,80.522536
158,-10.533187,10.697065,26.223732,108.528344,82.998616
159,-10.114746,12.924189,26.473586,108.971912,85.267248
160,-9.997789,12.926154,26.20241,108.153856,86.801728
161,-11.516652,12.08001,22.886528,107.589384,88.625256
162,-10.253761,14.843475,26.504518,105.408776,87.517168
163,-11.409668,11.29108,26.239484,108.859472,86.171144
164,-11.470708,10.646491,25.340632,104.388544,83.6258
165,-9.914059,12.962327,27.111822,105.22412,88.138904
166,-10.157226,11.571473,24.099134,103.900384,86.768384
167,-11.030978,15.657617,27.0506,104.900208,86.734648
168,-8.403033,15.514547,26.665752,105.888856,85.763424
169,-11.193782,12.272436,28.073236,104.672224,86.126904
170,-8.865614,17.194616,26.9602,105.640896,83.121744
171,-9.57943,13.02168,25.689366,105.555952,85.97672
172,-7.107108,17.158798,27.059292,105.4886,83.483056
173,-8.368973,14.88097,27.593856,105.42664,82.403944
174,-9.562831,14.122331,28.531124,106.516952,80.239064
175,-9.450954,14.651311,28.719808,106.12616,83.1154
176,-9.121835,14.249145,25.690486,105.984624,84.718144
177,-7.6918425,14.722649,27.785598,107.304552,84.712648
178,-7.7650625,13.630249,27.329484,104.965792,85.286752
179,-5.95634,16.054487,26.236628,108.765192,84.108208
180,-7.1895905,14.612804,26.719986,105.168408,80.876536
181,-8.753195,15.27709,28.11089,107.67228,77.974696
182,-5.2647575,17.583198,26.936646,109.32416,79.34416
183,-7.782902,15.875722,27.54756,111.000016,76.803224
184,-8.101488,14.82052,28.485152,110.411528,75.71656
185,-6.6297915,15.310707,28.481058,112.190224,77.553192
186,-7.588189,15.631155,29.331026,113.485024,76.553968
187,-8.441552,13.661129,27.37018,111.37716,75.86628
188,-9.692076,13.473338,28.04922,114.060368,74.063992
189,-9.612,12.618943,29.824188,115.945768,73.600008
190,-9.385821,12.274517,29.217228,116.755344,71.420136
191,-8.247875,13.054427,28.00121,114.987368,70.601064
192,-8.2202875,11.887338,27.826102,113.450472,73.207664
193,-10.217831,13.782631,26.864428,118.177048,76.574576
194,-9.274235,12.339407,25.696238,115.626856,75.54304
195,-10.710058,11.482448,27.545332,113.933584,76.725528
196,-9.738905,12.483635,26.919994,115.062584,76.790328
197,-11.061766,9.451874,27.411574,115.873016,75.464688
198,-10.571772,12.549317,26.91339,112.978792,85.632936
199,-10.757751,10.93066,28.034086,114.659056,79.457248
200,-13.571897,7.1945805,26.321964,109.38948,82.35164
201,-12.021896,10.956695,26.85609,109.569752,84.775024
202,-11.346841,11.733674,26.324026,106.39144,88.035856
203,-12.884897,10.124378,26.515088,105.486088,85.759256
204,-11.914609,10.495731,24.909908,105.691896,77.408768
205,-12.249263,8.391238,26.41295,104.724592,83.614944
206,-12.132405,10.414469,27.266282,100.784832,86.143376
207,-13.047734,8.560699,25.79965,103.150952,88.620528
208,-11.669381,12.516735,23.863724,104.16604,90.501392
209,-11.934456,11.358745,25.986656,102.943664,90.512432
210,-10.996383,13.293994,25.816608,101.686408,85.551416
211,-10.912242,12.494061,27.040252,102.253072,83.988392
212,-9.857446,13.66481,24.086664,100.846488,84.730584
213,-11.610437,12.063638,23.901232,100.99448,87.542968
214,-9.519969,14.357324,24.915182,101.335192,85.035344
215,-10.096177,12.38726,24.954714,100.670216,86.003248
216,-9.08519,13.780982,26.134528,100.358296,85.253992
217,-8.873992,13.715142,26.746036,100.02548,84.016048
218,-7.4230435,14.184979,25.735486,103.67128,80.010208
219,-6.0833395,16.964558,26.617694,105.006896,80.501272
220,-9.085718,15.457746,24.992196,104.255984,82.36464
221,-8.370498,14.667826,27.633032,105.058992,84.527336
222,-7.399931,15.008494,25.970108,104.159496,84.814936
223,-6.570959,15.778469,27.931078,107.007968,83.669424
224,-7.263648,12.809608,26.11582,105.834152,80.558856
225,-7.228183,16.35843,27.954678,108.734744,83.040168
226,-7.174357,14.081699,25.562392,107.760568,80.128816
227,-7.925598,14.910758,28.755052,107.751264,79.021568
228,-8.656702,13.779752,27.784976,110.051568,75.954952
229,-6.649568,12.867429,28.398062,112.664072,75.438352
230,-10.511714,11.956452,26.80857,113.665168,74.85372
231,-7.903409,12.48293,25.261558,113.724288,72.5042
232,-8.3773025,13.705655,24.95453,116.872704,79.16028
233,-9.693089,11.520785,24.99018,115.403624,73.811112
234,-7.4673935,13.974534,28.299628,116.596872,80.02796
235,-8.486734,12.71777,25.865644,119.408056,74.026656
236,-9.587926,11.150491,24.545206,118.886592,73.893872
237,-8.620583,13.432287,24.79782,119.313088,70.43248
238,-9.473406,12.384521,26.567796,117.661976,75.753072
239,-10.569724,10.762823,25.479778,119.297744,76.540496
240,-10.925676,11.84905,24.151194,116.296848,76.578016
241,-12.758348,7.7167165,23.904274,118.661784,72.817432
242,-11.93631,8.613621,24.08008,115.753096,78.174192
243,-11.90555,10.79842,25.288196,114.00172,83.236776
244,-13.40089,7.240008,23.208972,109.856912,86.779264
245,-12.321214,11.421556,25.058786,114.06968,88.926576
246,-14.414081,9.535854,22.760578,108.78664,88.41116
247,-12.468524,9.953572,23.489648,109.298288,86.913216
248,-13.649771,9.852204,24.050306,108.471536,87.259896
249,-13.317157,9.577277,24.814216,109.344776,88.284824
250,-13.997667,10.211857,24.712764,109.65096,89.467
251,-13.76194,11.161088,22.707982,105.579656,88.618312
252,-13.577825,10.868068,26.264768,106.687368,87.341416
253,-12.992635,10.671228,23.976584,105.238216,93.058008
254,-14.02081,9.829552,26.7337,105.531064,90.081656
255,-11.14461,12.196448,25.200196,104.558824,84.58144
256,-13.608896,13.148611,28.273744,104.889544,82.818872
257,-11.329212,11.673794,23.912206,104.651328,85.844024
258,-12.654052,12.994533,26.230234,104.851536,87.877792
259,-13.050462,10.952946,25.868122,105.460616,83.096112
260,-12.127724,13.304816,24.888682,104.1972,84.150144
261,-12.093395,13.254002,25.164778,103.643568,82.760184
262,-11.181036,12.62306,26.547794,106.960992,81.95812
263,-10.867241,14.901592,24.788026,106.523704,88.028072
264,-10.199292,14.376301,25.339236,105.033552,82.11492
265,-10.783765,13.104867,22.372994,105.002352,83.76404
266,-9.948882,13.034932,25.525346,107.545704,82.14316
267,-11.087202,15.215031,27.121746,108.205952,85.035208
268,-10.893281,12.274248,24.97967,108.06284,80.969576
269,-11.077911,12.159503,27.089452,107.86032,79.775224
270,-9.788186,13.760548,27.737142,108.268968,80.68904
271,-8.703625,14.038426,26.475672,107.962048,79.272288
272,-9.004256,14.346691,27.82303,110.967208,78.25492
273,-8.803921,14.330162,28.840486,110.590104,75.075024
274,-9.127496,12.978263,25.3535,113.032288,75.45676
275,-9.185186,13.830651,26.814758,113.449864,76.984224
276,-9.567855,13.429876,24.482312,115.897408,77.057584
277,-9.508913,11.002469,24.922778,114.748512,76.417856
278,-9.971616,13.047079,24.655952,116.6606,71.741808
279,-9.515206,12.561489,24.380698,118.237416,75.347488
280,-11.63492,10.242941,26.906956,115.455296,73.57068
281,-13.044995,7.27802,22.807964,115.734328,74.03936
282,-10.345899,12.11265,24.03513,117.817568,77.89556
283,-10.8267,11.909601,27.667668,118.133688,74.106232
284,-10.773119,9.86974,27.244856,114.900296,73.378568
285,-11.181205,11.086974,24.274668,116.288056,77.486344
286,-11.207594,11.402865,23.057784,115.187128,85.51308
287,-12.787084,10.826254,23.712434,112.564008,81.141832
288,-15.326459,9.626295,25.098146,107.180208,88.099144
289,-13.64234,9.720353,23.82987,110.29812,81.906648
290,-12.628817,10.624436,24.819044,108.660288,82.961208
291,-15.032307,7.450792,24.14364,103.857944,88.097992
292,-13.175719,10.654734,26.168414,108.98084,92.4282
293,-13.867237,9.877402,25.628688,108.348544,87.099744
294,-13.469604,13.988567,23.833246,107.401496,86.100288
295,-12.896016,10.616162,24.020058,105.292,88.106968
296,-12.867276,11.460481,24.132808,105.299328,84.15844
297,-14.898505,11.430958,24.499336,105.603208,90.681144
298,-12.939319,13.777433,23.544382,106.898584,86.22452
299,-12.493739,12.474739,24.754092,105.649928,83.953192
300,-12.003558,14.198877,24.40073,106.056608,86.177136
301,-11.002677,16.553637,23.151272,106.293784,82.815392
302,-11.574747,13.479159,22.50753,105.879192,85.754904
303,-12.394568,11.617162,23.75012,104.523344,87.598216
304,-12.2112,12.911799,24.11406,104.733808,86.419632
305,-12.284186,13.205826,23.004926,103.678656,87.470288
306,-11.873428,15.282361,24.17695,105.32264,85.115128
307,-12.412515,13.464199,24.41654,106.487488,82.62372
308,-11.00502,14.7678,22.96972,105.555896,85.721576
309,-10.927474,12.176525,23.503594,105.127936,83.202952
310,-9.936515,13.106904,23.37778,106.553984,82.742992
311,-10.208942,13.625235,24.19388,106.865144,82.90752
312,-12.031934,13.55141,23.969104,107.22732,79.785648
313,-10.168534,14.076185,24.362548,107.688656,79.927888
314,-9.907001,13.32466,25.794094,108.149992,80.07012
315,-9.483028,15.133951,24.15085,109.805368,80.072072
316,-10.511983,12.22671,24.438862,110.41828,76.232464
317,-9.559894,13.888569,25.299534,114.934992,73.877664
318,-9.853602,15.384996,24.753436,115.233352,75.576504
319,-11.403122,9.924184,27.205112,111.101264,77.06312
320,-10.491008,13.031333,25.71802,115.664752,76.904232
321,-11.933165,9.854733,24.05739,115.668576,71.672688
322,-9.268216,15.573814,27.18628,116.39352,74.895032
323,-10.416812,11.285901,25.138676,115.646368,71.787912
324,-11.789874,11.06303,24.910142,117.059144,69.650352
325,-10.498025,13.252211,26.690948,119.047264,77.091216
326,-11.150571,11.468989,23.075634,,
